# JRE version: OpenJDK Runtime Environment Temurin-21.0.11+10 (21.0.11+10) (build 21.0.11+10-LTS)
# Java VM: OpenJDK 64-Bit Server VM Temurin-21.0.11+10 (21.0.11+10-LTS, mixed mode, sharing, tiered, compressed oops, compressed class ptrs, g1 gc, windows-amd64)
GC Precious Log:
 CardTable entry size: 512
 Card Set container configuration: InlinePtr #cards 4 size 8 Array Of Cards #cards 16 size 48 Howl #buckets 8 coarsen threshold 3686 Howl Bitmap #cards 512 size 80 coarsen threshold 460 Card regions per heap region 1 cards per card region 4096
 CPUs: 8 total, 8 available
 Memory: 16078M
 Large Page Support: Disabled
 NUMA Support: Disabled
 Compressed Oops: Enabled (Zero based)
 Heap Region Size: 2M
 Heap Min Capacity: 8M
 Heap Initial Capacity: 252M
 Heap Max Capacity: 4020M
 Pre-touch: Disabled
 Parallel Workers: 8
 Concurrent Workers: 2
 Concurrent Refinement Workers: 8
 Periodic GC: Disabled
Heap:
 garbage-first heap   total 139264K, used 113490K [0x0000000704c00000, 0x0000000800000000)
  region size 2048K, 36 young (73728K), 4 survivors (8192K)
 Metaspace       used 93866K, committed 94656K, reserved 1179648K
  class space    used 12184K, committed 12544K, reserved 1048576K
GC Heap History (20 events):
Event: 8.018 GC heap before
{Heap before GC invocations=22 (full 0):
 garbage-first heap   total 59392K, used 48205K [0x0000000704c00000, 0x0000000800000000)
  region size 2048K, 5 young (10240K), 1 survivors (2048K)
 Metaspace       used 67264K, committed 67968K, reserved 1114112K
  class space    used 9329K, committed 9664K, reserved 1048576K
}
Event: 8.020 GC heap after
{Heap after GC invocations=23 (full 0):
 garbage-first heap   total 59392K, used 40671K [0x0000000704c00000, 0x0000000800000000)
  region size 2048K, 1 young (2048K), 1 survivors (2048K)
 Metaspace       used 67264K, committed 67968K, reserved 1114112K
  class space    used 9329K, committed 9664K, reserved 1048576K
}
Event: 8.054 GC heap before
{Heap before GC invocations=23 (full 0):
 garbage-first heap   total 59392K, used 50911K [0x0000000704c00000, 0x0000000800000000)
  region size 2048K, 6 young (12288K), 1 survivors (2048K)
 Metaspace       used 67270K, committed 67968K, reserved 1114112K
  class space    used 9329K, committed 9664K, reserved 1048576K
}
Event: 8.057 GC heap after
{Heap after GC invocations=24 (full 0):
 garbage-first heap   total 59392K, used 42966K [0x0000000704c00000, 0x0000000800000000)
  region size 2048K, 1 young (2048K), 1 survivors (2048K)
 Metaspace       used 67270K, committed 67968K, reserved 1114112K
  class space    used 9329K, committed 9664K, reserved 1048576K
}
Event: 8.209 GC heap before
{Heap before GC invocations=25 (full 0):
 garbage-first heap   total 69632K, used 49110K [0x0000000704c00000, 0x0000000800000000)
  region size 2048K, 5 young (10240K), 1 survivors (2048K)
 Metaspace       used 68978K, committed 69696K, reserved 1114112K
  class space    used 9611K, committed 9920K, reserved 1048576K
}
Event: 8.212 GC heap after
{Heap after GC invocations=26 (full 0):
 garbage-first heap   total 69632K, used 41849K [0x0000000704c00000, 0x0000000800000000)
  region size 2048K, 1 young (2048K), 1 survivors (2048K)
 Metaspace       used 68978K, committed 69696K, reserved 1114112K
  class space    used 9611K, committed 9920K, reserved 1048576K
}
Event: 8.397 GC heap before
{Heap before GC invocations=26 (full 0):
 garbage-first heap   total 69632K, used 56185K [0x0000000704c00000, 0x0000000800000000)
  region size 2048K, 8 young (16384K), 1 survivors (2048K)
 Metaspace       used 69502K, committed 70208K, reserved 1114112K
  class space    used 9677K, committed 9984K, reserved 1048576K
}
Event: 8.400 GC heap after
{Heap after GC invocations=27 (full 0):
 garbage-first heap   total 139264K, used 39398K [0x0000000704c00000, 0x0000000800000000)
  region size 2048K, 1 young (2048K), 1 survivors (2048K)
 Metaspace       used 69502K, committed 70208K, reserved 1114112K
  class space    used 9677K, committed 9984K, reserved 1048576K
}
Event: 9.451 GC heap before
{Heap before GC invocations=27 (full 0):
 garbage-first heap   total 139264K, used 102886K [0x0000000704c00000, 0x0000000800000000)
  region size 2048K, 33 young (67584K), 1 survivors (2048K)
 Metaspace       used 76034K, committed 76800K, reserved 1179648K
  class space    used 10390K, committed 10752K, reserved 1048576K
}
Event: 9.456 GC heap after
{Heap after GC invocations=28 (full 0):
 garbage-first heap   total 139264K, used 44491K [0x0000000704c00000, 0x0000000800000000)
  region size 2048K, 4 young (8192K), 4 survivors (8192K)
 Metaspace       used 76034K, committed 76800K, reserved 1179648K
  class space    used 10390K, committed 10752K, reserved 1048576K
}
Event: 10.778 GC heap before
{Heap before GC invocations=28 (full 0):
 garbage-first heap   total 139264K, used 110027K [0x0000000704c00000, 0x0000000800000000)
  region size 2048K, 36 young (73728K), 4 survivors (8192K)
 Metaspace       used 77827K, committed 78528K, reserved 1179648K
  class space    used 10629K, committed 10944K, reserved 1048576K
}
Event: 10.783 GC heap after
{Heap after GC invocations=29 (full 0):
 garbage-first heap   total 139264K, used 45086K [0x0000000704c00000, 0x0000000800000000)
  region size 2048K, 3 young (6144K), 3 survivors (6144K)
 Metaspace       used 77827K, committed 78528K, reserved 1179648K
  class space    used 10629K, committed 10944K, reserved 1048576K
}
Event: 11.306 GC heap before
{Heap before GC invocations=29 (full 0):
 garbage-first heap   total 139264K, used 114718K [0x0000000704c00000, 0x0000000800000000)
  region size 2048K, 37 young (75776K), 3 survivors (6144K)
 Metaspace       used 78178K, committed 78848K, reserved 1179648K
  class space    used 10661K, committed 10944K, reserved 1048576K
}
Event: 11.311 GC heap after
{Heap after GC invocations=30 (full 0):
 garbage-first heap   total 139264K, used 46411K [0x0000000704c00000, 0x0000000800000000)
  region size 2048K, 2 young (4096K), 2 survivors (4096K)
 Metaspace       used 78178K, committed 78848K, reserved 1179648K
  class space    used 10661K, committed 10944K, reserved 1048576K
}
Event: 12.405 GC heap before
{Heap before GC invocations=31 (full 0):
 garbage-first heap   total 139264K, used 118091K [0x0000000704c00000, 0x0000000800000000)
  region size 2048K, 37 young (75776K), 2 survivors (4096K)
 Metaspace       used 78538K, committed 79296K, reserved 1179648K
  class space    used 10673K, committed 11008K, reserved 1048576K
}
Event: 12.409 GC heap after
{Heap after GC invocations=32 (full 0):
 garbage-first heap   total 139264K, used 48389K [0x0000000704c00000, 0x0000000800000000)
  region size 2048K, 3 young (6144K), 3 survivors (6144K)
 Metaspace       used 78538K, committed 79296K, reserved 1179648K
  class space    used 10673K, committed 11008K, reserved 1048576K
}
Event: 12.815 GC heap before
{Heap before GC invocations=32 (full 0):
 garbage-first heap   total 139264K, used 122117K [0x0000000704c00000, 0x0000000800000000)
  region size 2048K, 39 young (79872K), 3 survivors (6144K)
 Metaspace       used 79127K, committed 79872K, reserved 1179648K
  class space    used 10752K, committed 11072K, reserved 1048576K
}
Event: 12.819 GC heap after
{Heap after GC invocations=33 (full 0):
 garbage-first heap   total 139264K, used 45935K [0x0000000704c00000, 0x0000000800000000)
  region size 2048K, 3 young (6144K), 3 survivors (6144K)
 Metaspace       used 79127K, committed 79872K, reserved 1179648K
  class space    used 10752K, committed 11072K, reserved 1048576K
}
Event: 19.293 GC heap before
{Heap before GC invocations=33 (full 0):
 garbage-first heap   total 139264K, used 74607K [0x0000000704c00000, 0x0000000800000000)
  region size 2048K, 18 young (36864K), 3 survivors (6144K)
 Metaspace       used 82526K, committed 83328K, reserved 1179648K
  class space    used 11185K, committed 11520K, reserved 1048576K
}
Event: 19.299 GC heap after
{Heap after GC invocations=34 (full 0):
 garbage-first heap   total 139264K, used 47954K [0x0000000704c00000, 0x0000000800000000)
  region size 2048K, 4 young (8192K), 4 survivors (8192K)
 Metaspace       used 82526K, committed 83328K, reserved 1179648K
  class space    used 11185K, committed 11520K, reserved 1048576K
}

